Using pre-set license
Built from '2020.3/staging' branch; Version is '2020.3.3f1 (76626098c1c4) revision 7758432'; Using compiler version '192528614'; Build Type 'Release'
OS: 'Windows 10 Home Single Language; OS build 19042.1348; Version 2009; 64bit' Language: 'en' Physical Memory: 16275 MB
BatchMode: 1, IsHumanControllingUs: 0, StartBugReporterOnCrash: 0, Is64bit: 1, IsPro: 0

 COMMAND LINE ARGUMENTS:
C:\Program Files\Unity\Hub\Editor\2020.3.3f1\Editor\Unity.exe
-adb2
-batchMode
-noUpm
-name
AssetImportWorker6
-projectPath
C:/Users/KIIT/Documents/Unity/Projects/Behaviour Tree Gallery
-logFile
Logs/AssetImportWorker6.log
-srvPort
52228
Successfully changed project path to: C:/Users/KIIT/Documents/Unity/Projects/Behaviour Tree Gallery
C:/Users/KIIT/Documents/Unity/Projects/Behaviour Tree Gallery
Using Asset Import Pipeline V2.
